<?xml version="1.0" encoding="UTF-8"?><testrun name="RunCategoryNavigationFlow" project="TaskWorldLogin" tests="1" started="1" failures="0" errors="1" ignored="0">
  <testsuite name="runner.RunCategoryNavigationFlow" time="6.438">
    <testsuite name="Feature: TaskWorld Login Scenarios" time="6.438">
      <testcase name="User creates task after login" classname="TaskWorld Login Scenarios" time="6.438">
        <error>org.openqa.selenium.SessionNotCreatedException: session not created: This version of ChromeDriver only supports Chrome version 79
Build info: version: '3.141.59', revision: 'e82be7d358', time: '2018-11-14T08:17:03'
System info: host: 'USHYDSOUVIGHOS2', ip: '192.168.1.4', os.name: 'Windows 10', os.arch: 'amd64', os.version: '10.0', java.version: '1.8.0_161'
Driver info: driver.version: ChromeDriver
remote stacktrace: Backtrace:
	Ordinal0 [0x00C3A113+1548563]
	Ordinal0 [0x00BBDDA1+1039777]
	Ordinal0 [0x00B3E485+517253]
	Ordinal0 [0x00ACFD34+64820]
	Ordinal0 [0x00ACC61E+50718]
	Ordinal0 [0x00AEB797+178071]
	Ordinal0 [0x00AEB59D+177565]
	Ordinal0 [0x00AE95FB+169467]
	Ordinal0 [0x00AD160A+71178]
	Ordinal0 [0x00AD2690+75408]
	Ordinal0 [0x00AD2629+75305]
	Ordinal0 [0x00BD71B7+1143223]
	GetHandleVerifier [0x00CD2B46+507814]
	GetHandleVerifier [0x00CD2864+507076]
	GetHandleVerifier [0x00CD9F47+537511]
	GetHandleVerifier [0x00CD3402+510050]
	Ordinal0 [0x00BCF29C+1110684]
	Ordinal0 [0x00BD938B+1151883]
	Ordinal0 [0x00BD94F3+1152243]
	Ordinal0 [0x00BD83F5+1147893]
	BaseThreadInitThunk [0x73CF8494+36]
	RtlAreBitsSet [0x772441C8+136]
	RtlAreBitsSet [0x77244198+88]
&#13;
	at sun.reflect.NativeConstructorAccessorImpl.newInstance0(Native Method)&#13;
	at sun.reflect.NativeConstructorAccessorImpl.newInstance(NativeConstructorAccessorImpl.java:62)&#13;
	at sun.reflect.DelegatingConstructorAccessorImpl.newInstance(DelegatingConstructorAccessorImpl.java:45)&#13;
	at java.lang.reflect.Constructor.newInstance(Constructor.java:423)&#13;
	at org.openqa.selenium.remote.W3CHandshakeResponse.lambda$errorHandler$0(W3CHandshakeResponse.java:62)&#13;
	at org.openqa.selenium.remote.HandshakeResponse.lambda$getResponseFunction$0(HandshakeResponse.java:30)&#13;
	at org.openqa.selenium.remote.ProtocolHandshake.lambda$createSession$0(ProtocolHandshake.java:126)&#13;
	at java.util.stream.ReferencePipeline$3$1.accept(ReferencePipeline.java:193)&#13;
	at java.util.Spliterators$ArraySpliterator.tryAdvance(Spliterators.java:958)&#13;
	at java.util.stream.ReferencePipeline.forEachWithCancel(ReferencePipeline.java:126)&#13;
	at java.util.stream.AbstractPipeline.copyIntoWithCancel(AbstractPipeline.java:498)&#13;
	at java.util.stream.AbstractPipeline.copyInto(AbstractPipeline.java:485)&#13;
	at java.util.stream.AbstractPipeline.wrapAndCopyInto(AbstractPipeline.java:471)&#13;
	at java.util.stream.FindOps$FindOp.evaluateSequential(FindOps.java:152)&#13;
	at java.util.stream.AbstractPipeline.evaluate(AbstractPipeline.java:234)&#13;
	at java.util.stream.ReferencePipeline.findFirst(ReferencePipeline.java:464)&#13;
	at org.openqa.selenium.remote.ProtocolHandshake.createSession(ProtocolHandshake.java:128)&#13;
	at org.openqa.selenium.remote.ProtocolHandshake.createSession(ProtocolHandshake.java:74)&#13;
	at org.openqa.selenium.remote.HttpCommandExecutor.execute(HttpCommandExecutor.java:136)&#13;
	at org.openqa.selenium.remote.service.DriverCommandExecutor.execute(DriverCommandExecutor.java:83)&#13;
	at org.openqa.selenium.remote.RemoteWebDriver.execute(RemoteWebDriver.java:552)&#13;
	at org.openqa.selenium.remote.RemoteWebDriver.startSession(RemoteWebDriver.java:213)&#13;
	at org.openqa.selenium.remote.RemoteWebDriver.&lt;init&gt;(RemoteWebDriver.java:131)&#13;
	at org.openqa.selenium.chrome.ChromeDriver.&lt;init&gt;(ChromeDriver.java:181)&#13;
	at org.openqa.selenium.chrome.ChromeDriver.&lt;init&gt;(ChromeDriver.java:168)&#13;
	at org.openqa.selenium.chrome.ChromeDriver.&lt;init&gt;(ChromeDriver.java:123)&#13;
	at helper.WebDriverHelper.initiateDriver(WebDriverHelper.java:27)&#13;
	at stepdefinitions.TaskWorldHomePageSteps.user_Navigates_to_Home_Page_and_Logs_in(TaskWorldHomePageSteps.java:24)&#13;
	at âœ½.User Navigates to Home Page and Logs in(features/TaskWorldHomePage.feature:6)&#13;
&#13;
</error>
      </testcase>
    </testsuite>
  </testsuite>
</testrun>
